This is pdfTeX, Version 3.14159265-2.6-1.40.21 (MiKTeX 2.9.7300) (preloaded format=pdflatex 2020.2.28)  29 MAR 2020 11:52
entering extended mode
**./aco.tex
(aco.tex
LaTeX2e <2020-02-02> patch level 4
L3 programming layer <2020-02-25>
("/Library/Application Support/MiKTeX/texmfs/install/tex/latex/base/article.cls
"
Document Class: article 2019/12/20 v1.4l Standard LaTeX document class
("/Library/Application Support/MiKTeX/texmfs/install/tex/latex/base/size10.clo"
File: size10.clo 2019/12/20 v1.4l Standard LaTeX file (size option)
)
\c@part=\count167
\c@section=\count168
\c@subsection=\count169
\c@subsubsection=\count170
\c@paragraph=\count171
\c@subparagraph=\count172
\c@figure=\count173
\c@table=\count174
\abovecaptionskip=\skip47
\belowcaptionskip=\skip48
\bibindent=\dimen134
)
("/Users/databunker/Library/Application Support/MiKTeX/texmfs/install/tex/latex
/natbib/natbib.sty"
Package: natbib 2010/09/13 8.31b (PWD, AO)
\bibhang=\skip49
\bibsep=\skip50
LaTeX Info: Redefining \cite on input line 694.
\c@NAT@ctr=\count175
)
("/Users/databunker/Library/Application Support/MiKTeX/texmfs/install/tex/latex
/algorithms/algorithm.sty"
Package: algorithm 2009/08/24 v0.1 Document Style `algorithm' - floating enviro
nment

("/Users/databunker/Library/Application Support/MiKTeX/texmfs/install/tex/latex
/float/float.sty"
Package: float 2001/11/08 v1.3d Float enhancements (AL)
\c@float@type=\count176
\float@exts=\toks14
\float@box=\box45
\@float@everytoks=\toks15
\@floatcapt=\box46
)
("/Library/Application Support/MiKTeX/texmfs/install/tex/latex/base/ifthen.sty"
Package: ifthen 2014/09/29 v1.1c Standard LaTeX ifthen package (DPC)
)
\@float@every@algorithm=\toks16
\c@algorithm=\count177
)
("/Users/databunker/Library/Application Support/MiKTeX/texmfs/install/tex/latex
/mathtools/mathtools.sty"
Package: mathtools 2020/03/24 v1.24 mathematical typesetting tools

("/Library/Application Support/MiKTeX/texmfs/install/tex/latex/graphics/keyval.
sty"
Package: keyval 2014/10/28 v1.15 key=value parser (DPC)
\KV@toks@=\toks17
)
("/Library/Application Support/MiKTeX/texmfs/install/tex/latex/tools/calc.sty"
Package: calc 2017/05/25 v4.3 Infix arithmetic (KKT,FJ)
\calc@Acount=\count178
\calc@Bcount=\count179
\calc@Adimen=\dimen135
\calc@Bdimen=\dimen136
\calc@Askip=\skip51
\calc@Bskip=\skip52
LaTeX Info: Redefining \setlength on input line 80.
LaTeX Info: Redefining \addtolength on input line 81.
\calc@Ccount=\count180
\calc@Cskip=\skip53
)
("/Users/databunker/Library/Application Support/MiKTeX/texmfs/install/tex/latex
/mathtools/mhsetup.sty"
Package: mhsetup 2017/03/31 v1.3 programming setup (MH)
)
("/Library/Application Support/MiKTeX/texmfs/install/tex/latex/amsmath/amsmath.
sty"
Package: amsmath 2020/01/20 v2.17e AMS math features
\@mathmargin=\skip54

For additional information on amsmath, use the `?' option.

("/Library/Application Support/MiKTeX/texmfs/install/tex/latex/amsmath/amstext.
sty"
Package: amstext 2000/06/29 v2.01 AMS text

("/Library/Application Support/MiKTeX/texmfs/install/tex/latex/amsmath/amsgen.s
ty"
File: amsgen.sty 1999/11/30 v2.0 generic functions
\@emptytoks=\toks18
\ex@=\dimen137
))
("/Library/Application Support/MiKTeX/texmfs/install/tex/latex/amsmath/amsbsy.s
ty"
Package: amsbsy 1999/11/29 v1.2d Bold Symbols
\pmbraise@=\dimen138
)
("/Library/Application Support/MiKTeX/texmfs/install/tex/latex/amsmath/amsopn.s
ty"
Package: amsopn 2016/03/08 v2.02 operator names
)
\inf@bad=\count181
LaTeX Info: Redefining \frac on input line 227.
\uproot@=\count182
\leftroot@=\count183
LaTeX Info: Redefining \overline on input line 389.
\classnum@=\count184
\DOTSCASE@=\count185
LaTeX Info: Redefining \ldots on input line 486.
LaTeX Info: Redefining \dots on input line 489.
LaTeX Info: Redefining \cdots on input line 610.
\Mathstrutbox@=\box47
\strutbox@=\box48
\big@size=\dimen139
LaTeX Font Info:    Redeclaring font encoding OML on input line 733.
LaTeX Font Info:    Redeclaring font encoding OMS on input line 734.
\macc@depth=\count186
\c@MaxMatrixCols=\count187
\dotsspace@=\muskip16
\c@parentequation=\count188
\dspbrk@lvl=\count189
\tag@help=\toks19
\row@=\count190
\column@=\count191
\maxfields@=\count192
\andhelp@=\toks20
\eqnshift@=\dimen140
\alignsep@=\dimen141
\tagshift@=\dimen142
\tagwidth@=\dimen143
\totwidth@=\dimen144
\lineht@=\dimen145
\@envbody=\toks21
\multlinegap=\skip55
\multlinetaggap=\skip56
\mathdisplay@stack=\toks22
LaTeX Info: Redefining \[ on input line 2859.
LaTeX Info: Redefining \] on input line 2860.
)
LaTeX Info: Thecontrolsequence`\('isalreadyrobust on input line 130.
LaTeX Info: Thecontrolsequence`\)'isalreadyrobust on input line 130.
LaTeX Info: Thecontrolsequence`\['isalreadyrobust on input line 130.
LaTeX Info: Thecontrolsequence`\]'isalreadyrobust on input line 130.
\g_MT_multlinerow_int=\count193
\l_MT_multwidth_dim=\dimen146
\origjot=\skip57
\l_MT_shortvdotswithinadjustabove_dim=\dimen147
\l_MT_shortvdotswithinadjustbelow_dim=\dimen148
\l_MT_above_intertext_sep=\dimen149
\l_MT_below_intertext_sep=\dimen150
\l_MT_above_shortintertext_sep=\dimen151
\l_MT_below_shortintertext_sep=\dimen152
\xmathstrut@box=\box49
\xmathstrut@dim=\dimen153
)
("/Users/databunker/Library/Application Support/MiKTeX/texmfs/install/tex/latex
/algorithmicx/algpseudocode.sty"
Package: algpseudocode 

("/Users/databunker/Library/Application Support/MiKTeX/texmfs/install/tex/latex
/algorithmicx/algorithmicx.sty"
Package: algorithmicx 2005/04/27 v1.2 Algorithmicx

Document Style algorithmicx 1.2 - a greatly improved `algorithmic' style
\c@ALG@line=\count194
\c@ALG@rem=\count195
\c@ALG@nested=\count196
\ALG@tlm=\skip58
\ALG@thistlm=\skip59
\c@ALG@Lnr=\count197
\c@ALG@blocknr=\count198
\c@ALG@storecount=\count199
\c@ALG@tmpcounter=\count266
\ALG@tmplength=\skip60
)
Document Style - pseudocode environments for use with the `algorithmicx' style
)
("/Library/Application Support/MiKTeX/texmfs/install/tex/latex/amsfonts/amssymb
.sty"
Package: amssymb 2013/01/14 v3.01 AMS font symbols

("/Library/Application Support/MiKTeX/texmfs/install/tex/latex/amsfonts/amsfont
s.sty"
Package: amsfonts 2013/01/14 v3.01 Basic AMSFonts support
\symAMSa=\mathgroup4
\symAMSb=\mathgroup5
LaTeX Font Info:    Redeclaring math symbol \hbar on input line 98.
LaTeX Font Info:    Overwriting math alphabet `\mathfrak' in version `bold'
(Font)                  U/euf/m/n --> U/euf/b/n on input line 106.
))
("/Library/Application Support/MiKTeX/texmfs/install/tex/latex/l3backend/l3back
end-pdfmode.def"
File: l3backend-pdfmode.def 2020-02-23 L3 backend support: PDF mode
\l__kernel_color_stack_int=\count267
\l__pdf_internal_box=\box50
) (aco.aux)
\openout1 = `aco.aux'.

LaTeX Font Info:    Checking defaults for OML/cmm/m/it on input line 14.
LaTeX Font Info:    ... okay on input line 14.
LaTeX Font Info:    Checking defaults for OMS/cmsy/m/n on input line 14.
LaTeX Font Info:    ... okay on input line 14.
LaTeX Font Info:    Checking defaults for OT1/cmr/m/n on input line 14.
LaTeX Font Info:    ... okay on input line 14.
LaTeX Font Info:    Checking defaults for T1/cmr/m/n on input line 14.
LaTeX Font Info:    ... okay on input line 14.
LaTeX Font Info:    Checking defaults for TS1/cmr/m/n on input line 14.
LaTeX Font Info:    ... okay on input line 14.
LaTeX Font Info:    Checking defaults for OMX/cmex/m/n on input line 14.
LaTeX Font Info:    ... okay on input line 14.
LaTeX Font Info:    Checking defaults for U/cmr/m/n on input line 14.
LaTeX Font Info:    ... okay on input line 14.

("/Library/Application Support/MiKTeX/texmfs/install/tex/latex/graphics/graphic
x.sty"
Package: graphicx 2019/11/30 v1.2a Enhanced LaTeX Graphics (DPC,SPQR)

("/Library/Application Support/MiKTeX/texmfs/install/tex/latex/graphics/graphic
s.sty"
Package: graphics 2019/11/30 v1.4a Standard LaTeX Graphics (DPC,SPQR)

("/Library/Application Support/MiKTeX/texmfs/install/tex/latex/graphics/trig.st
y"
Package: trig 2016/01/03 v1.10 sin cos tan (DPC)
)
("/Library/Application Support/MiKTeX/texmfs/install/tex/latex/graphics-cfg/gra
phics.cfg"
File: graphics.cfg 2016/06/04 v1.11 sample graphics configuration
)
Package graphics Info: Driver file: pdftex.def on input line 105.

("/Library/Application Support/MiKTeX/texmfs/install/tex/latex/graphics-def/pdf
tex.def"
File: pdftex.def 2018/01/08 v1.0l Graphics/color driver for pdftex

("/Library/Application Support/MiKTeX/texmfs/install/tex/context/base/mkii/supp
-pdf.mkii"
[Loading MPS to PDF converter (version 2006.09.02).]
\scratchcounter=\count268
\scratchdimen=\dimen154
\scratchbox=\box51
\nofMPsegments=\count269
\nofMParguments=\count270
\everyMPshowfont=\toks23
\MPscratchCnt=\count271
\MPscratchDim=\dimen155
\MPnumerator=\count272
\makeMPintoPDFobject=\count273
\everyMPtoPDFconversion=\toks24
)))
("/Library/Application Support/MiKTeX/texmfs/install/tex/latex/epstopdf-pkg/eps
topdf-base.sty"
Package: epstopdf-base 2020-01-24 v2.11 Base part for package epstopdf
Package epstopdf-base Info: Redefining graphics rule for `.eps' on input line 4
85.
)
\Gin@req@height=\dimen156
\Gin@req@width=\dimen157
)
LaTeX Font Info:    Trying to load font information for U+msa on input line 15.


("/Library/Application Support/MiKTeX/texmfs/install/tex/latex/amsfonts/umsa.fd
"
File: umsa.fd 2013/01/14 v3.01 AMS symbols A
)
LaTeX Font Info:    Trying to load font information for U+msb on input line 15.


("/Library/Application Support/MiKTeX/texmfs/install/tex/latex/amsfonts/umsb.fd
"
File: umsb.fd 2013/01/14 v3.01 AMS symbols B
)
Overfull \hbox (4.8382pt too wide) in paragraph at lines 15--15
 [][] 
 []


Underfull \hbox (badness 10000) in paragraph at lines 36--37

 []

[1

{/Users/databunker/Library/Application Support/MiKTeX/texmfs/data/pdftex/config
/pdftex.map}]
Overfull \hbox (5.5285pt too wide) in paragraph at lines 42--43
\OT1/cmr/m/n/10 the relationship between pheramone information and heuristic in
formation (Socha
 []

! Display math should end with $$.
<to be read again> 
                   {
l.49 		${
         \tau_{i, j}^k}$
The `$' that I just saw supposedly matches a previous `$$'.
So I shall assume that you typed `$$' both times.

! Missing $ inserted.
<inserted text> 
                $
l.49 		${\tau
             _{i, j}^k}$
I've inserted a begin-math/end-math symbol since I think
you left one out. Proceed, with fingers crossed.

! Extra }, or forgotten $.
l.49 		${\tau_{i, j}^k}
                       $
I've deleted a group-closing symbol because it seems to be
spurious, as in `$x}$'. But perhaps the } is legitimate and
you forgot something else, as in `\hbox{$x}'. In such cases
the way to recover is to insert both the forgotten and the
deleted material, e.g., by typing `I$}'.

! Missing $ inserted.
<inserted text> 
                $
l.50 		\begin{cases}
                    
I've inserted a begin-math/end-math symbol since I think
you left one out. Proceed, with fingers crossed.

! Missing $ inserted.
<inserted text> 
                $
l.53 		\end{cases}
                  
I've inserted something that you may have forgotten.
(See the <inserted text> above.)
With luck, this will get me unwedged. But if you
really didn't forget anything, try typing `2' now; then
my insertion and my current dilemma will both disappear.


! LaTeX Error: Bad math environment delimiter.

See the LaTeX manual or LaTeX Companion for explanation.
Type  H <return>  for immediate help.
 ...                                              
                                                  
l.54 	\]
          }
Your command was ignored.
Type  I <command> <return>  to replace it with another command,
or  <return>  to continue without it.

! Missing $ inserted.
<inserted text> 
                $
l.54 	\]
          }
I've inserted something that you may have forgotten.
(See the <inserted text> above.)
With luck, this will get me unwedged. But if you
really didn't forget anything, try typing `2' now; then
my insertion and my current dilemma will both disappear.

! Display math should end with $$.
<to be read again> 
                   \endgroup 
l.54 	\]
          }
The `$' that I just saw supposedly matches a previous `$$'.
So I shall assume that you typed `$$' both times.

! Missing } inserted.
<inserted text> 
                }
l.54 	\]
          }
I've inserted something that you may have forgotten.
(See the <inserted text> above.)
With luck, this will get me unwedged. But if you
really didn't forget anything, try typing `2' now; then
my insertion and my current dilemma will both disappear.


Overfull \hbox (1.74136pt too wide) in paragraph at lines 58--59
\OT1/cmr/m/n/10 The equation above shows the euation for pheromone by single an
t. Furthermore,
 []


Overfull \hbox (0.86745pt too wide) in paragraph at lines 71--72
\OT1/cmr/m/n/10 between 0 and 1 and is called evaporation rate. $[]$ substracts
 evaporation
 []

[2] (aco.bbl
Overfull \hbox (1.03674pt too wide) in paragraph at lines 21--25
\OT1/cmr/bx/n/10 URL: \OT1/cmr/m/it/10 http://www.sciencedirect.com/science/art
icle/pii/S0377221706006333 
 []

) [3] (aco.aux) ) 
Here is how much of TeX's memory you used:
 3815 strings out of 483242
 54086 string characters out of 2960027
 289318 words of memory out of 3000000
 19028 multiletter control sequences out of 15000+200000
 540547 words of font info for 56 fonts, out of 3000000 for 9000
 0 hyphenation exceptions out of 8191
 37i,10n,31p,743b,266s stack positions out of 5000i,500n,10000p,200000b,50000s
</Library/Application Support/MiKTeX/texmfs/install/fonts/type
1/public/amsfonts/cm/cmbx10.pfb></Library/Application Support/MiKTeX/texmfs/ins
tall/fonts/type1/public/amsfonts/cm/cmbx12.pfb></Library/Application Support/Mi
KTeX/texmfs/install/fonts/type1/public/amsfonts/cm/cmex10.pfb></Library/Applica
tion Support/MiKTeX/texmfs/install/fonts/type1/public/amsfonts/cm/cmmi10.pfb></
Library/Application Support/MiKTeX/texmfs/install/fonts/type1/public/amsfonts/c
m/cmmi5.pfb></Library/Application Support/MiKTeX/texmfs/install/fonts/type1/pub
lic/amsfonts/cm/cmmi7.pfb></Library/Application Support/MiKTeX/texmfs/install/f
onts/type1/public/amsfonts/cm/cmr10.pfb></Library/Application Support/MiKTeX/te
xmfs/install/fonts/type1/public/amsfonts/cm/cmr12.pfb></Library/Application Sup
port/MiKTeX/texmfs/install/fonts/type1/public/amsfonts/cm/cmr17.pfb></Library/A
pplication Support/MiKTeX/texmfs/install/fonts/type1/public/amsfonts/cm/cmr7.pf
b></Library/Application Support/MiKTeX/texmfs/install/fonts/type1/public/amsfon
ts/cm/cmsy10.pfb></Library/Application Support/MiKTeX/texmfs/install/fonts/type
1/public/amsfonts/cm/cmti10.pfb></Library/Application Support/MiKTeX/texmfs/ins
tall/fonts/type1/public/amsfonts/symbols/msbm10.pfb>
Output written on aco.pdf (3 pages, 158546 bytes).
PDF statistics:
 64 PDF objects out of 1000 (max. 8388607)
 0 named destinations out of 1000 (max. 500000)
 1 words of extra memory for PDF output out of 10000 (max. 10000000)

